<?xml version="1.0" encoding="UTF-8"?>
<!-- Generated by org.testng.reporters.JUnitXMLReporter -->
<testsuite ignored="0" hostname="HIMANSHU-PC" failures="0" tests="2" name="LandingValidation Test" time="60.605" errors="0" timestamp="2021-05-24T21:13:22 IST">
  <testcase classname="io.cucumber.testng.AbstractTestNGCucumberTests" name="runScenario" time="34.954"/>
  <testcase classname="io.cucumber.testng.AbstractTestNGCucumberTests" name="runScenario" time="23.687"/>
</testsuite> <!-- LandingValidation Test -->
