<?xml version="1.0" encoding="UTF-8"?>
<!-- Generated by org.testng.reporters.JUnitXMLReporter -->
<testsuite hostname="HIMANSHU-PC" ignored="0" name="Test" tests="3" failures="0" timestamp="2021-05-21T10:13:33 IST" time="47.702" errors="0">
  <testcase name="baseNavigation" time="6.544" classname="ManvenProjects.Academy.LandingValidation"/>
  <testcase name="baseNavigation" time="12.28" classname="ManvenProjects.Academy.HomePage"/>
  <testcase name="baseNavigation" time="11.738" classname="ManvenProjects.Academy.HomePage"/>
</testsuite> <!-- Test -->
